DEBUG:root:This is a debug log.
INFO:root:This is a info log.
WARNING:root:This is a warning log.
ERROR:root:This is a error log.
CRITICAL:root:This is a critical log.
DEBUG:root:This is a debug log
INFO:root:This is a debug log
WARNING:root:This is a debug log
ERROR:root:This is a debug log
CRITICAL:root:This is a debug log
2018-12-22 17:39:03,404=====DEBUG++++++This is a debug log.
2018-12-22 17:39:03,404=====INFO++++++This is a info log.
2018-12-22 17:39:03,404=====WARNING++++++This is a warning log.
2018-12-22 17:39:03,404=====ERROR++++++This is a error log.
2018-12-22 17:39:03,404=====CRITICAL++++++This is a critical log.
2018-12-22 17:39:03,405=====DEBUG++++++This is a debug log
2018-12-22 17:39:03,405=====INFO++++++This is a debug log
2018-12-22 17:39:03,405=====WARNING++++++This is a debug log
2018-12-22 17:39:03,405=====ERROR++++++This is a debug log
2018-12-22 17:39:03,405=====CRITICAL++++++This is a debug log
2019-03-19 15:44:15,248=====DEBUG++++++This is a debug log.
2019-03-19 15:44:15,248=====INFO++++++This is a info log.
2019-03-19 15:44:15,248=====WARNING++++++This is a warning log.
2019-03-19 15:44:15,248=====ERROR++++++This is a error log.
2019-03-19 15:44:15,248=====CRITICAL++++++This is a critical log.
2019-03-19 15:44:15,248=====DEBUG++++++This is a debug log
2019-03-19 15:44:15,248=====INFO++++++This is a debug log
2019-03-19 15:44:15,248=====WARNING++++++This is a debug log
2019-03-19 15:44:15,248=====ERROR++++++This is a debug log
2019-03-19 15:44:15,248=====CRITICAL++++++This is a debug log
2019-03-19 15:44:28,185=====DEBUG++++++This is a debug log.
2019-03-19 15:44:28,185=====INFO++++++This is a info log.
2019-03-19 15:44:28,185=====WARNING++++++This is a warning log.
2019-03-19 15:44:28,185=====ERROR++++++This is a error log.
2019-03-19 15:44:28,185=====CRITICAL++++++This is a critical log.
2019-03-19 15:44:28,185=====DEBUG++++++This is a debug log
2019-03-19 15:44:28,185=====INFO++++++This is a debug log
2019-03-19 15:44:28,185=====WARNING++++++This is a debug log
2019-03-19 15:44:28,185=====ERROR++++++This is a debug log
2019-03-19 15:44:28,185=====CRITICAL++++++This is a debug log
